# JRE version: Java(TM) SE Runtime Environment (17.0.10+11) (build 17.0.10+11-LTS-240)
# Java VM: Java HotSpot(TM) 64-Bit Server VM (17.0.10+11-LTS-240, mixed mode, sharing, tiered, compressed oops, compressed class ptrs, g1 gc, windows-amd64)
GC Precious Log:
 CPUs: 8 total, 8 available
 Memory: 16190M
 Large Page Support: Disabled
 NUMA Support: Disabled
 Compressed Oops: Enabled (Zero based)
 Heap Region Size: 2M
 Heap Min Capacity: 8M
 Heap Initial Capacity: 254M
 Heap Max Capacity: 4048M
 Pre-touch: Disabled
 Parallel Workers: 8
 Concurrent Workers: 2
 Concurrent Refinement Workers: 8
 Periodic GC: Disabled
Heap:
 garbage-first heap   total 79872K, used 34962K [0x0000000703000000, 0x0000000800000000)
  region size 2048K, 1 young (2048K), 1 survivors (2048K)
 Metaspace       used 24708K, committed 25088K, reserved 1114112K
  class space    used 2950K, committed 3136K, reserved 1048576K
GC Heap History (20 events):
Event: 1.131 GC heap after
{Heap after GC invocations=2 (full 0):
 garbage-first heap   total 260096K, used 7967K [0x0000000703000000, 0x0000000800000000)
  region size 2048K, 1 young (2048K), 1 survivors (2048K)
 Metaspace       used 10724K, committed 11008K, reserved 1114112K
  class space    used 1261K, committed 1408K, reserved 1048576K
}
Event: 3.031 GC heap before
{Heap before GC invocations=2 (full 0):
 garbage-first heap   total 260096K, used 67359K [0x0000000703000000, 0x0000000800000000)
  region size 2048K, 31 young (63488K), 1 survivors (2048K)
 Metaspace       used 21149K, committed 21504K, reserved 1114112K
  class space    used 2588K, committed 2752K, reserved 1048576K
}
Event: 3.040 GC heap after
{Heap after GC invocations=3 (full 0):
 garbage-first heap   total 260096K, used 16096K [0x0000000703000000, 0x0000000800000000)
  region size 2048K, 5 young (10240K), 5 survivors (10240K)
 Metaspace       used 21149K, committed 21504K, reserved 1114112K
  class space    used 2588K, committed 2752K, reserved 1048576K
}
Event: 3.466 GC heap before
{Heap before GC invocations=4 (full 0):
 garbage-first heap   total 61440K, used 48864K [0x0000000703000000, 0x0000000800000000)
  region size 2048K, 12 young (24576K), 5 survivors (10240K)
 Metaspace       used 24737K, committed 25088K, reserved 1114112K
  class space    used 2962K, committed 3136K, reserved 1048576K
}
Event: 3.474 GC heap after
{Heap after GC invocations=5 (full 0):
 garbage-first heap   total 63488K, used 37806K [0x0000000703000000, 0x0000000800000000)
  region size 2048K, 6 young (12288K), 6 survivors (12288K)
 Metaspace       used 24737K, committed 25088K, reserved 1114112K
  class space    used 2962K, committed 3136K, reserved 1048576K
}
Event: 3.486 GC heap before
{Heap before GC invocations=5 (full 0):
 garbage-first heap   total 63488K, used 39854K [0x0000000703000000, 0x0000000800000000)
  region size 2048K, 8 young (16384K), 6 survivors (12288K)
 Metaspace       used 24748K, committed 25088K, reserved 1114112K
  class space    used 2962K, committed 3136K, reserved 1048576K
}
Event: 3.491 GC heap after
{Heap after GC invocations=6 (full 0):
 garbage-first heap   total 63488K, used 30138K [0x0000000703000000, 0x0000000800000000)
  region size 2048K, 1 young (2048K), 1 survivors (2048K)
 Metaspace       used 24748K, committed 25088K, reserved 1114112K
  class space    used 2962K, committed 3136K, reserved 1048576K
}
Event: 3.535 GC heap before
{Heap before GC invocations=6 (full 0):
 garbage-first heap   total 63488K, used 44474K [0x0000000703000000, 0x0000000800000000)
  region size 2048K, 9 young (18432K), 1 survivors (2048K)
 Metaspace       used 24757K, committed 25088K, reserved 1114112K
  class space    used 2962K, committed 3136K, reserved 1048576K
}
Event: 3.537 GC heap after
{Heap after GC invocations=7 (full 0):
 garbage-first heap   total 63488K, used 29035K [0x0000000703000000, 0x0000000800000000)
  region size 2048K, 1 young (2048K), 1 survivors (2048K)
 Metaspace       used 24757K, committed 25088K, reserved 1114112K
  class space    used 2962K, committed 3136K, reserved 1048576K
}
Event: 3.583 GC heap before
{Heap before GC invocations=8 (full 0):
 garbage-first heap   total 63488K, used 45419K [0x0000000703000000, 0x0000000800000000)
  region size 2048K, 10 young (20480K), 1 survivors (2048K)
 Metaspace       used 24708K, committed 25088K, reserved 1114112K
  class space    used 2950K, committed 3136K, reserved 1048576K
}
Event: 3.584 GC heap after
{Heap after GC invocations=9 (full 0):
 garbage-first heap   total 63488K, used 28884K [0x0000000703000000, 0x0000000800000000)
  region size 2048K, 1 young (2048K), 1 survivors (2048K)
 Metaspace       used 24708K, committed 25088K, reserved 1114112K
  class space    used 2950K, committed 3136K, reserved 1048576K
}
Event: 3.624 GC heap before
{Heap before GC invocations=9 (full 0):
 garbage-first heap   total 63488K, used 45268K [0x0000000703000000, 0x0000000800000000)
  region size 2048K, 10 young (20480K), 1 survivors (2048K)
 Metaspace       used 24708K, committed 25088K, reserved 1114112K
  class space    used 2950K, committed 3136K, reserved 1048576K
}
Event: 3.625 GC heap after
{Heap after GC invocations=10 (full 0):
 garbage-first heap   total 63488K, used 28851K [0x0000000703000000, 0x0000000800000000)
  region size 2048K, 1 young (2048K), 1 survivors (2048K)
 Metaspace       used 24708K, committed 25088K, reserved 1114112K
  class space    used 2950K, committed 3136K, reserved 1048576K
}
Event: 3.668 GC heap before
{Heap before GC invocations=11 (full 0):
 garbage-first heap   total 63488K, used 45235K [0x0000000703000000, 0x0000000800000000)
  region size 2048K, 10 young (20480K), 1 survivors (2048K)
 Metaspace       used 24708K, committed 25088K, reserved 1114112K
  class space    used 2950K, committed 3136K, reserved 1048576K
}
Event: 3.670 GC heap after
{Heap after GC invocations=12 (full 0):
 garbage-first heap   total 63488K, used 28847K [0x0000000703000000, 0x0000000800000000)
  region size 2048K, 1 young (2048K), 1 survivors (2048K)
 Metaspace       used 24708K, committed 25088K, reserved 1114112K
  class space    used 2950K, committed 3136K, reserved 1048576K
}
Event: 3.713 GC heap before
{Heap before GC invocations=13 (full 0):
 garbage-first heap   total 65536K, used 37039K [0x0000000703000000, 0x0000000800000000)
  region size 2048K, 2 young (4096K), 1 survivors (2048K)
 Metaspace       used 24708K, committed 25088K, reserved 1114112K
  class space    used 2950K, committed 3136K, reserved 1048576K
}
Event: 3.715 GC heap after
{Heap after GC invocations=14 (full 0):
 garbage-first heap   total 65536K, used 36889K [0x0000000703000000, 0x0000000800000000)
  region size 2048K, 1 young (2048K), 1 survivors (2048K)
 Metaspace       used 24708K, committed 25088K, reserved 1114112K
  class space    used 2950K, committed 3136K, reserved 1048576K
}
Event: 3.776 GC heap before
{Heap before GC invocations=15 (full 0):
 garbage-first heap   total 79872K, used 57369K [0x0000000703000000, 0x0000000800000000)
  region size 2048K, 9 young (18432K), 1 survivors (2048K)
 Metaspace       used 24708K, committed 25088K, reserved 1114112K
  class space    used 2950K, committed 3136K, reserved 1048576K
}
Event: 3.778 GC heap after
{Heap after GC invocations=16 (full 0):
 garbage-first heap   total 79872K, used 43117K [0x0000000703000000, 0x0000000800000000)
  region size 2048K, 1 young (2048K), 1 survivors (2048K)
 Metaspace       used 24708K, committed 25088K, reserved 1114112K
  class space    used 2950K, committed 3136K, reserved 1048576K
}
Event: 3.828 GC heap before
{Heap before GC invocations=16 (full 0):
 garbage-first heap   total 79872K, used 63597K [0x0000000703000000, 0x0000000800000000)
  region size 2048K, 12 young (24576K), 1 survivors (2048K)
 Metaspace       used 24708K, committed 25088K, reserved 1114112K
  class space    used 2950K, committed 3136K, reserved 1048576K
}

