Started by user [8mha:////4ClkIFnM+B1SIHgWevAKFgd1XyxrRkhQZSFvr4AHCaCnAAAAlh+LCAAAAAAAAP9b85aBtbiIQTGjNKU4P08vOT+vOD8nVc83PyU1x6OyILUoJzMv2y+/JJUBAhiZGBgqihhk0NSjKDWzXb3RdlLBUSYGJk8GtpzUvPSSDB8G5tKinBIGIZ+sxLJE/ZzEvHT94JKizLx0a6BxUmjGOUNodHsLgAyWEgYu/dLi1CL94sT0VABftSfCvwAAAA==[0msage
hudson.plugins.git.GitException: Command "git fetch --tags --force --progress --prune -- origin +refs/heads/myBranch:refs/remotes/origin/myBranch" returned status code 128:
stdout: 
stderr: fatal: unable to access 'https://github.com/osamazaza/sdbProjectLive/': Could not resolve host: github.com

	at PluginClassLoader for git-client//org.jenkinsci.plugins.gitclient.CliGitAPIImpl.launchCommandIn(CliGitAPIImpl.java:2844)
	at PluginClassLoader for git-client//org.jenkinsci.plugins.gitclient.CliGitAPIImpl.launchCommandWithCredentials(CliGitAPIImpl.java:2189)
	at PluginClassLoader for git-client//org.jenkinsci.plugins.gitclient.CliGitAPIImpl$1.execute(CliGitAPIImpl.java:638)
	at PluginClassLoader for git//jenkins.plugins.git.GitSCMFileSystem$BuilderImpl.build(GitSCMFileSystem.java:408)
Caused: java.io.IOException
	at PluginClassLoader for git//jenkins.plugins.git.GitSCMFileSystem$BuilderImpl.build(GitSCMFileSystem.java:413)
	at PluginClassLoader for scm-api//jenkins.scm.api.SCMFileSystem.of(SCMFileSystem.java:219)
	at PluginClassLoader for workflow-cps//org.jenkinsci.plugins.workflow.cps.CpsScmFlowDefinition.create(CpsScmFlowDefinition.java:120)
	at PluginClassLoader for workflow-cps//org.jenkinsci.plugins.workflow.cps.CpsScmFlowDefinition.create(CpsScmFlowDefinition.java:72)
	at PluginClassLoader for workflow-job//org.jenkinsci.plugins.workflow.job.WorkflowRun.run(WorkflowRun.java:317)
	at hudson.model.ResourceController.execute(ResourceController.java:101)
	at hudson.model.Executor.run(Executor.java:460)
[withMaven] downstreamPipelineTriggerRunListener - Failure to introspect build steps: java.io.IOException: Build_test_push_to_dockerHub_Pipeline #251 did not yet start
[withMaven] downstreamPipelineTriggerRunListener - Failure to introspect build steps: java.io.IOException: Build_test_push_to_dockerHub_Pipeline #251 did not yet start
Finished: FAILURE
